android/app/build/intermediates/manifest_merge_blame_file/debug/manifest-merger-blame-debug-report.txt
1<?xml version="1.0" encoding="utf-8"?>
2<manifest xmlns:android="http://schemas.android.com/apk/res/android"
3    package="com.aptean.tms.pod"
4    android:versionCode="1"
5    android:versionName="1.0" >
6
7    <uses-sdk
8        android:minSdkVersion="21"
9        android:targetSdkVersion="32" />
10
11    <uses-permission android:name="android.permission.SYSTEM_ALERT_WINDOW" />
11-->src\debug\AndroidManifest.xml:5:5-77
11-->src\debug\AndroidManifest.xml:5:22-75
12    <uses-permission android:name="android.permission.INTERNET" />
12-->src\main\AndroidManifest.xml:4:5-67
12-->src\main\AndroidManifest.xml:4:22-64
13    <uses-permission android:name="android.permission.ACCESS_WIFI_STATE" />
13-->[com.facebook.flipper:flipper:0.93.0] AndroidManifest.xml:16:5-76
13-->[com.facebook.flipper:flipper:0.93.0] AndroidManifest.xml:16:22-73
14    <uses-permission android:name="android.permission.ACCESS_NETWORK_STATE" />
14-->[com.scandit.datacapture:core:6.15.0] AndroidManifest.xml:9:5-79
14-->[com.scandit.datacapture:core:6.15.0] AndroidManifest.xml:9:22-76
15    <uses-permission android:name="android.permission.CAMERA" />
15-->[com.scandit.datacapture:core:6.15.0] AndroidManifest.xml:11:5-65
15-->[com.scandit.datacapture:core:6.15.0] AndroidManifest.xml:11:22-62
16    <uses-permission android:name="android.permission.VIBRATE" />
16-->[com.scandit.datacapture:core:6.15.0] AndroidManifest.xml:12:5-66
16-->[com.scandit.datacapture:core:6.15.0] AndroidManifest.xml:12:22-63
17
18    <uses-feature android:glEsVersion="0x00020000" />
18-->[com.scandit.datacapture:core:6.15.0] AndroidManifest.xml:14:5-54
18-->[com.scandit.datacapture:core:6.15.0] AndroidManifest.xml:14:19-51
19
20    <application
20-->src\main\AndroidManifest.xml:6:5-25:19
21        android:name="com.aptean.tms.pod.MainApplication"
21-->src\main\AndroidManifest.xml:7:7-38
22        android:allowBackup="false"
22-->src\main\AndroidManifest.xml:11:7-34
23        android:appComponentFactory="androidx.core.app.CoreComponentFactory"
23-->[androidx.core:core:1.6.0] AndroidManifest.xml:24:18-86
24        android:debuggable="true"
25        android:icon="@mipmap/ic_launcher"
25-->src\main\AndroidManifest.xml:9:7-41
26        android:label="@string/app_name"
26-->src\main\AndroidManifest.xml:8:7-39
27        android:roundIcon="@mipmap/ic_launcher_round"
27-->src\main\AndroidManifest.xml:10:7-52
28        android:theme="@style/AppTheme"
28-->src\main\AndroidManifest.xml:12:7-38
29        android:usesCleartextTraffic="true" >
29-->src\debug\AndroidManifest.xml:8:9-44
30        <activity android:name="com.facebook.react.devsupport.DevSettingsActivity" />
30-->src\debug\AndroidManifest.xml:11:9-86
30-->src\debug\AndroidManifest.xml:11:19-83
31        <activity
31-->src\main\AndroidManifest.xml:13:7-24:18
32            android:name="com.aptean.tms.pod.MainActivity"
32-->src\main\AndroidManifest.xml:14:9-37
33            android:configChanges="keyboard|keyboardHidden|orientation|screenSize|uiMode"
33-->src\main\AndroidManifest.xml:16:9-86
34            android:exported="true"
34-->src\main\AndroidManifest.xml:18:9-32
35            android:label="@string/app_name"
35-->src\main\AndroidManifest.xml:15:9-41
36            android:launchMode="singleTask"
36-->src\main\AndroidManifest.xml:17:9-40
37            android:windowSoftInputMode="adjustResize" >
37-->src\main\AndroidManifest.xml:19:9-51
38            <intent-filter>
38-->src\main\AndroidManifest.xml:20:9-23:25
39                <action android:name="android.intent.action.MAIN" />
39-->src\main\AndroidManifest.xml:21:13-65
39-->src\main\AndroidManifest.xml:21:21-62
40
41                <category android:name="android.intent.category.LAUNCHER" />
41-->src\main\AndroidManifest.xml:22:13-73
41-->src\main\AndroidManifest.xml:22:23-70
42            </intent-filter>
43        </activity>
44
45        <provider
45-->[com.scandit.datacapture:core:6.15.0] AndroidManifest.xml:17:9-20:40
46            android:name="com.scandit.datacapture.core.internal.sdk.init.CoreLibraryLoaderContentProvider"
46-->[com.scandit.datacapture:core:6.15.0] AndroidManifest.xml:18:13-107
47            android:authorities="com.aptean.tms.pod.corelibraryloadercontentprovider"
47-->[com.scandit.datacapture:core:6.15.0] AndroidManifest.xml:19:13-84
48            android:exported="false" />
48-->[com.scandit.datacapture:core:6.15.0] AndroidManifest.xml:20:13-37
49        <provider
49-->[com.scandit.datacapture:barcode:6.15.0] AndroidManifest.xml:15:9-18:40
50            android:name="com.scandit.datacapture.barcode.internal.sdk.init.BarcodeLibraryLoaderContentProvider"
50-->[com.scandit.datacapture:barcode:6.15.0] AndroidManifest.xml:16:13-113
51            android:authorities="com.aptean.tms.pod.barcodelibraryloadercontentprovider"
51-->[com.scandit.datacapture:barcode:6.15.0] AndroidManifest.xml:17:13-87
52            android:exported="false" />
52-->[com.scandit.datacapture:barcode:6.15.0] AndroidManifest.xml:18:13-37
53    </application>
54
55</manifest>